<?xml version="1.0" encoding="UTF-8"?>
<!-- Generated by org.testng.reporters.JUnitReportReporter -->
<testsuite skipped="0" hostname="COKLPT0025" name="runner.testRunner" tests="1" failures="0" timestamp="2023-07-12T17:00:36 IST" time="3.409" errors="0">
  <testcase name="runScenario" time="3.409" classname="runner.testRunner"/>
  <system-out/>
</testsuite> <!-- runner.testRunner -->
